app/build/intermediates/manifest_merge_blame_file/debug/processDebugMainManifest/manifest-merger-blame-debug-report.txt
1<?xml version="1.0" encoding="utf-8"?>
2<manifest xmlns:android="http://schemas.android.com/apk/res/android"
3    package="com.hhg.farmers.debug"
4    android:versionCode="1"
5    android:versionName="0.1.0-debug" >
6
7    <uses-sdk
8        android:minSdkVersion="24"
9        android:targetSdkVersion="35" />
10
11    <!-- Network -->
12    <uses-permission android:name="android.permission.INTERNET" />
12-->src/main/AndroidManifest.xml:6:5-67
12-->src/main/AndroidManifest.xml:6:22-64
13    <uses-permission android:name="android.permission.ACCESS_NETWORK_STATE" />
13-->src/main/AndroidManifest.xml:7:5-79
13-->src/main/AndroidManifest.xml:7:22-76
14
15    <!-- Location (Uber-grade Fused Location Provider) -->
16    <uses-permission android:name="android.permission.ACCESS_FINE_LOCATION" />
16-->src/main/AndroidManifest.xml:10:5-79
16-->src/main/AndroidManifest.xml:10:22-76
17    <uses-permission android:name="android.permission.ACCESS_COARSE_LOCATION" />
17-->src/main/AndroidManifest.xml:11:5-81
17-->src/main/AndroidManifest.xml:11:22-78
18
19    <!-- Push notifications (FCM). POST_NOTIFICATIONS is required from Android 13. -->
20    <uses-permission android:name="android.permission.POST_NOTIFICATIONS" />
20-->src/main/AndroidManifest.xml:14:5-77
20-->src/main/AndroidManifest.xml:14:22-74
21    <uses-permission android:name="com.google.android.c2dm.permission.RECEIVE" />
21-->src/main/AndroidManifest.xml:15:5-82
21-->src/main/AndroidManifest.xml:15:22-79
22
23    <!-- Specific-package visibility (NOT query-all, which is Play-restricted) -->
24    <queries>
24-->src/main/AndroidManifest.xml:18:5-29:15
25
26        <!-- WhatsApp (we deep-link into it for sharing patti) -->
27        <package android:name="com.whatsapp" />
27-->src/main/AndroidManifest.xml:20:9-48
27-->src/main/AndroidManifest.xml:20:18-45
28        <package android:name="com.whatsapp.w4b" />
28-->src/main/AndroidManifest.xml:21:9-52
28-->src/main/AndroidManifest.xml:21:18-49
29        <!-- UPI apps (adoption signal) -->
30        <package android:name="com.google.android.apps.nbu.paisa.user" /> <!-- GPay -->
30-->src/main/AndroidManifest.xml:23:9-74
30-->src/main/AndroidManifest.xml:23:18-71
31        <package android:name="net.one97.paytm" /> <!-- Paytm -->
31-->src/main/AndroidManifest.xml:24:9-51
31-->src/main/AndroidManifest.xml:24:18-48
32        <package android:name="com.phonepe.app" /> <!-- PhonePe -->
32-->src/main/AndroidManifest.xml:25:9-51
32-->src/main/AndroidManifest.xml:25:18-48
33        <!-- Competing agri apps -->
34        <package android:name="com.agrostar.consumerapp" />
34-->src/main/AndroidManifest.xml:27:9-60
34-->src/main/AndroidManifest.xml:27:18-57
35        <package android:name="com.dehaat.superapp" />
35-->src/main/AndroidManifest.xml:28:9-55
35-->src/main/AndroidManifest.xml:28:18-52
36    </queries>
37
38    <uses-permission android:name="android.permission.WAKE_LOCK" />
38-->[com.google.firebase:firebase-messaging:24.1.0] AndroidManifest.xml:24:5-68
38-->[com.google.firebase:firebase-messaging:24.1.0] AndroidManifest.xml:24:22-65
39    <uses-permission android:name="com.google.android.finsky.permission.BIND_GET_INSTALL_REFERRER_SERVICE" />
39-->[com.google.android.gms:play-services-measurement:22.1.2] AndroidManifest.xml:26:5-110
39-->[com.google.android.gms:play-services-measurement:22.1.2] AndroidManifest.xml:26:22-107
40    <uses-permission android:name="com.google.android.gms.permission.AD_ID" />
40-->[com.google.android.gms:play-services-measurement-impl:22.1.2] AndroidManifest.xml:27:5-79
40-->[com.google.android.gms:play-services-measurement-impl:22.1.2] AndroidManifest.xml:27:22-76
41    <uses-permission android:name="android.permission.RECEIVE_BOOT_COMPLETED" />
41-->[androidx.work:work-runtime:2.10.0] AndroidManifest.xml:25:5-81
41-->[androidx.work:work-runtime:2.10.0] AndroidManifest.xml:25:22-78
42    <uses-permission android:name="android.permission.FOREGROUND_SERVICE" />
42-->[androidx.work:work-runtime:2.10.0] AndroidManifest.xml:26:5-77
42-->[androidx.work:work-runtime:2.10.0] AndroidManifest.xml:26:22-74
43
44    <permission
44-->[androidx.core:core:1.15.0] AndroidManifest.xml:22:5-24:47
45        android:name="com.hhg.farmers.debug.DYNAMIC_RECEIVER_NOT_EXPORTED_PERMISSION"
45-->[androidx.core:core:1.15.0] AndroidManifest.xml:23:9-81
46        android:protectionLevel="signature" />
46-->[androidx.core:core:1.15.0] AndroidManifest.xml:24:9-44
47
48    <uses-permission android:name="com.hhg.farmers.debug.DYNAMIC_RECEIVER_NOT_EXPORTED_PERMISSION" />
48-->[androidx.core:core:1.15.0] AndroidManifest.xml:26:5-97
48-->[androidx.core:core:1.15.0] AndroidManifest.xml:26:22-94
49    <uses-permission android:name="android.permission.ACCESS_ADSERVICES_ATTRIBUTION" />
49-->[com.google.android.gms:play-services-measurement-api:22.1.2] AndroidManifest.xml:26:5-88
49-->[com.google.android.gms:play-services-measurement-api:22.1.2] AndroidManifest.xml:26:22-85
50    <uses-permission android:name="android.permission.ACCESS_ADSERVICES_AD_ID" />
50-->[com.google.android.gms:play-services-measurement-api:22.1.2] AndroidManifest.xml:27:5-82
50-->[com.google.android.gms:play-services-measurement-api:22.1.2] AndroidManifest.xml:27:22-79
51
52    <application
52-->src/main/AndroidManifest.xml:31:5-88:19
53        android:name="com.hhg.farmers.HhgApp"
53-->src/main/AndroidManifest.xml:32:9-31
54        android:allowBackup="true"
54-->src/main/AndroidManifest.xml:33:9-35
55        android:appComponentFactory="androidx.core.app.CoreComponentFactory"
55-->[androidx.core:core:1.15.0] AndroidManifest.xml:28:18-86
56        android:dataExtractionRules="@xml/data_extraction_rules"
56-->src/main/AndroidManifest.xml:34:9-65
57        android:debuggable="true"
58        android:enableOnBackInvokedCallback="true"
58-->src/main/AndroidManifest.xml:41:9-51
59        android:extractNativeLibs="false"
60        android:fullBackupContent="@xml/backup_rules"
60-->src/main/AndroidManifest.xml:35:9-54
61        android:icon="@mipmap/ic_launcher"
61-->src/main/AndroidManifest.xml:36:9-43
62        android:label="@string/app_name"
62-->src/main/AndroidManifest.xml:37:9-41
63        android:roundIcon="@mipmap/ic_launcher_round"
63-->src/main/AndroidManifest.xml:38:9-54
64        android:supportsRtl="true"
64-->src/main/AndroidManifest.xml:39:9-35
65        android:testOnly="true"
66        android:theme="@style/Theme.HHGFarmers" >
66-->src/main/AndroidManifest.xml:40:9-48
67        <activity
67-->src/main/AndroidManifest.xml:44:9-55:20
68            android:name="com.hhg.farmers.MainActivity"
68-->src/main/AndroidManifest.xml:45:13-41
69            android:configChanges="orientation|screenSize|keyboardHidden|uiMode|screenLayout"
69-->src/main/AndroidManifest.xml:49:13-94
70            android:exported="true"
70-->src/main/AndroidManifest.xml:46:13-36
71            android:label="@string/app_name"
71-->src/main/AndroidManifest.xml:47:13-45
72            android:launchMode="singleTask"
72-->src/main/AndroidManifest.xml:48:13-44
73            android:theme="@style/Theme.HHGFarmers" >
73-->src/main/AndroidManifest.xml:50:13-52
74            <intent-filter>
74-->src/main/AndroidManifest.xml:51:13-54:29
75                <action android:name="android.intent.action.MAIN" />
75-->src/main/AndroidManifest.xml:52:17-69
75-->src/main/AndroidManifest.xml:52:25-66
76
77                <category android:name="android.intent.category.LAUNCHER" />
77-->src/main/AndroidManifest.xml:53:17-77
77-->src/main/AndroidManifest.xml:53:27-74
78            </intent-filter>
79        </activity>
80
81        <!-- FCM service — activates once google-services.json is added. -->
82        <service
82-->src/main/AndroidManifest.xml:58:9-64:19
83            android:name="com.hhg.farmers.service.push.FcmService"
83-->src/main/AndroidManifest.xml:59:13-52
84            android:exported="false" >
84-->src/main/AndroidManifest.xml:60:13-37
85            <intent-filter>
85-->src/main/AndroidManifest.xml:61:13-63:29
86                <action android:name="com.google.firebase.MESSAGING_EVENT" />
86-->src/main/AndroidManifest.xml:62:17-78
86-->src/main/AndroidManifest.xml:62:25-75
87            </intent-filter>
88        </service>
89
90        <!-- FileProvider for sharing generated PDFs via native share sheet. -->
91        <provider
92            android:name="androidx.core.content.FileProvider"
92-->src/main/AndroidManifest.xml:68:13-62
93            android:authorities="com.hhg.farmers.debug.fileprovider"
93-->src/main/AndroidManifest.xml:69:13-64
94            android:exported="false"
94-->src/main/AndroidManifest.xml:70:13-37
95            android:grantUriPermissions="true" >
95-->src/main/AndroidManifest.xml:71:13-47
96            <meta-data
96-->src/main/AndroidManifest.xml:72:13-74:54
97                android:name="android.support.FILE_PROVIDER_PATHS"
97-->src/main/AndroidManifest.xml:73:17-67
98                android:resource="@xml/file_paths" />
98-->src/main/AndroidManifest.xml:74:17-51
99        </provider>
100
101        <!-- WorkManager: use our Hilt-aware initializer, not the default one. -->
102        <provider
103            android:name="androidx.startup.InitializationProvider"
103-->src/main/AndroidManifest.xml:79:13-67
104            android:authorities="com.hhg.farmers.debug.androidx-startup"
104-->src/main/AndroidManifest.xml:80:13-68
105            android:exported="false" >
105-->src/main/AndroidManifest.xml:81:13-37
106            <meta-data
106-->[androidx.emoji2:emoji2:1.3.0] AndroidManifest.xml:29:13-31:52
107                android:name="androidx.emoji2.text.EmojiCompatInitializer"
107-->[androidx.emoji2:emoji2:1.3.0] AndroidManifest.xml:30:17-75
108                android:value="androidx.startup" />
108-->[androidx.emoji2:emoji2:1.3.0] AndroidManifest.xml:31:17-49
109            <meta-data
109-->[androidx.lifecycle:lifecycle-process:2.8.7] AndroidManifest.xml:29:13-31:52
110                android:name="androidx.lifecycle.ProcessLifecycleInitializer"
110-->[androidx.lifecycle:lifecycle-process:2.8.7] AndroidManifest.xml:30:17-78
111                android:value="androidx.startup" />
111-->[androidx.lifecycle:lifecycle-process:2.8.7] AndroidManifest.xml:31:17-49
112            <meta-data
112-->[androidx.profileinstaller:profileinstaller:1.3.1] AndroidManifest.xml:29:13-31:52
113                android:name="androidx.profileinstaller.ProfileInstallerInitializer"
113-->[androidx.profileinstaller:profileinstaller:1.3.1] AndroidManifest.xml:30:17-85
114                android:value="androidx.startup" />
114-->[androidx.profileinstaller:profileinstaller:1.3.1] AndroidManifest.xml:31:17-49
115        </provider>
116
117        <service
117-->[com.google.firebase:firebase-messaging-ktx:24.1.0] AndroidManifest.xml:23:9-29:19
118            android:name="com.google.firebase.components.ComponentDiscoveryService"
118-->[com.google.firebase:firebase-messaging-ktx:24.1.0] AndroidManifest.xml:24:13-84
119            android:directBootAware="true"
119-->[com.google.firebase:firebase-common:21.0.0] AndroidManifest.xml:32:13-43
120            android:exported="false" >
120-->[com.google.firebase:firebase-messaging-ktx:24.1.0] AndroidManifest.xml:25:13-37
121            <meta-data
121-->[com.google.firebase:firebase-messaging-ktx:24.1.0] AndroidManifest.xml:26:13-28:85
122                android:name="com.google.firebase.components:com.google.firebase.messaging.ktx.FirebaseMessagingLegacyRegistrar"
122-->[com.google.firebase:firebase-messaging-ktx:24.1.0] AndroidManifest.xml:27:17-129
123                android:value="com.google.firebase.components.ComponentRegistrar" />
123-->[com.google.firebase:firebase-messaging-ktx:24.1.0] AndroidManifest.xml:28:17-82
124            <meta-data
124-->[com.google.firebase:firebase-messaging:24.1.0] AndroidManifest.xml:57:13-59:85
125                android:name="com.google.firebase.components:com.google.firebase.messaging.FirebaseMessagingKtxRegistrar"
125-->[com.google.firebase:firebase-messaging:24.1.0] AndroidManifest.xml:58:17-122
126                android:value="com.google.firebase.components.ComponentRegistrar" />
126-->[com.google.firebase:firebase-messaging:24.1.0] AndroidManifest.xml:59:17-82
127            <meta-data
127-->[com.google.firebase:firebase-messaging:24.1.0] AndroidManifest.xml:60:13-62:85
128                android:name="com.google.firebase.components:com.google.firebase.messaging.FirebaseMessagingRegistrar"
128-->[com.google.firebase:firebase-messaging:24.1.0] AndroidManifest.xml:61:17-119
129                android:value="com.google.firebase.components.ComponentRegistrar" />
129-->[com.google.firebase:firebase-messaging:24.1.0] AndroidManifest.xml:62:17-82
130            <meta-data
130-->[com.google.firebase:firebase-analytics-ktx:22.1.2] AndroidManifest.xml:11:13-13:85
131                android:name="com.google.firebase.components:com.google.firebase.analytics.ktx.FirebaseAnalyticsLegacyRegistrar"
131-->[com.google.firebase:firebase-analytics-ktx:22.1.2] AndroidManifest.xml:12:17-129
132                android:value="com.google.firebase.components.ComponentRegistrar" />
132-->[com.google.firebase:firebase-analytics-ktx:22.1.2] AndroidManifest.xml:13:17-82
133            <meta-data
133-->[com.google.firebase:firebase-crashlytics-ktx:19.3.0] AndroidManifest.xml:24:13-26:85
134                android:name="com.google.firebase.components:com.google.firebase.crashlytics.ktx.FirebaseCrashlyticsKtxRegistrar"
134-->[com.google.firebase:firebase-crashlytics-ktx:19.3.0] AndroidManifest.xml:25:17-130
135                android:value="com.google.firebase.components.ComponentRegistrar" />
135-->[com.google.firebase:firebase-crashlytics-ktx:19.3.0] AndroidManifest.xml:26:17-82
136            <meta-data
136-->[com.google.firebase:firebase-crashlytics:19.3.0] AndroidManifest.xml:15:13-17:85
137                android:name="com.google.firebase.components:com.google.firebase.crashlytics.FirebaseCrashlyticsKtxRegistrar"
137-->[com.google.firebase:firebase-crashlytics:19.3.0] AndroidManifest.xml:16:17-126
138                android:value="com.google.firebase.components.ComponentRegistrar" />
138-->[com.google.firebase:firebase-crashlytics:19.3.0] AndroidManifest.xml:17:17-82
139            <meta-data
139-->[com.google.firebase:firebase-crashlytics:19.3.0] AndroidManifest.xml:18:13-20:85
140                android:name="com.google.firebase.components:com.google.firebase.crashlytics.CrashlyticsRegistrar"
140-->[com.google.firebase:firebase-crashlytics:19.3.0] AndroidManifest.xml:19:17-115
141                android:value="com.google.firebase.components.ComponentRegistrar" />
141-->[com.google.firebase:firebase-crashlytics:19.3.0] AndroidManifest.xml:20:17-82
142            <meta-data
142-->[com.google.firebase:firebase-sessions:2.0.7] AndroidManifest.xml:29:13-31:85
143                android:name="com.google.firebase.components:com.google.firebase.sessions.FirebaseSessionsRegistrar"
143-->[com.google.firebase:firebase-sessions:2.0.7] AndroidManifest.xml:30:17-117
144                android:value="com.google.firebase.components.ComponentRegistrar" />
144-->[com.google.firebase:firebase-sessions:2.0.7] AndroidManifest.xml:31:17-82
145            <meta-data
145-->[com.google.firebase:firebase-config-ktx:22.0.1] AndroidManifest.xml:12:13-14:85
146                android:name="com.google.firebase.components:com.google.firebase.remoteconfig.ktx.FirebaseConfigLegacyRegistrar"
146-->[com.google.firebase:firebase-config-ktx:22.0.1] AndroidManifest.xml:13:17-129
147                android:value="com.google.firebase.components.ComponentRegistrar" />
147-->[com.google.firebase:firebase-config-ktx:22.0.1] AndroidManifest.xml:14:17-82
148            <meta-data
148-->[com.google.firebase:firebase-config:22.0.1] AndroidManifest.xml:29:13-31:85
149                android:name="com.google.firebase.components:com.google.firebase.remoteconfig.FirebaseRemoteConfigKtxRegistrar"
149-->[com.google.firebase:firebase-config:22.0.1] AndroidManifest.xml:30:17-128
150                android:value="com.google.firebase.components.ComponentRegistrar" />
150-->[com.google.firebase:firebase-config:22.0.1] AndroidManifest.xml:31:17-82
151            <meta-data
151-->[com.google.firebase:firebase-config:22.0.1] AndroidManifest.xml:32:13-34:85
152                android:name="com.google.firebase.components:com.google.firebase.remoteconfig.RemoteConfigRegistrar"
152-->[com.google.firebase:firebase-config:22.0.1] AndroidManifest.xml:33:17-117
153                android:value="com.google.firebase.components.ComponentRegistrar" />
153-->[com.google.firebase:firebase-config:22.0.1] AndroidManifest.xml:34:17-82
154            <meta-data
154-->[com.google.android.gms:play-services-measurement-api:22.1.2] AndroidManifest.xml:37:13-39:85
155                android:name="com.google.firebase.components:com.google.firebase.analytics.connector.internal.AnalyticsConnectorRegistrar"
155-->[com.google.android.gms:play-services-measurement-api:22.1.2] AndroidManifest.xml:38:17-139
156                android:value="com.google.firebase.components.ComponentRegistrar" />
156-->[com.google.android.gms:play-services-measurement-api:22.1.2] AndroidManifest.xml:39:17-82
157            <meta-data
157-->[com.google.firebase:firebase-installations:18.0.0] AndroidManifest.xml:15:13-17:85
158                android:name="com.google.firebase.components:com.google.firebase.installations.FirebaseInstallationsKtxRegistrar"
158-->[com.google.firebase:firebase-installations:18.0.0] AndroidManifest.xml:16:17-130
159                android:value="com.google.firebase.components.ComponentRegistrar" />
159-->[com.google.firebase:firebase-installations:18.0.0] AndroidManifest.xml:17:17-82
160            <meta-data
160-->[com.google.firebase:firebase-installations:18.0.0] AndroidManifest.xml:18:13-20:85
161                android:name="com.google.firebase.components:com.google.firebase.installations.FirebaseInstallationsRegistrar"
161-->[com.google.firebase:firebase-installations:18.0.0] AndroidManifest.xml:19:17-127
162                android:value="com.google.firebase.components.ComponentRegistrar" />
162-->[com.google.firebase:firebase-installations:18.0.0] AndroidManifest.xml:20:17-82
163            <meta-data
163-->[com.google.firebase:firebase-common-ktx:21.0.0] AndroidManifest.xml:12:13-14:85
164                android:name="com.google.firebase.components:com.google.firebase.ktx.FirebaseCommonLegacyRegistrar"
164-->[com.google.firebase:firebase-common-ktx:21.0.0] AndroidManifest.xml:13:17-116
165                android:value="com.google.firebase.components.ComponentRegistrar" />
165-->[com.google.firebase:firebase-common-ktx:21.0.0] AndroidManifest.xml:14:17-82
166            <meta-data
166-->[com.google.firebase:firebase-common:21.0.0] AndroidManifest.xml:35:13-37:85
167                android:name="com.google.firebase.components:com.google.firebase.FirebaseCommonKtxRegistrar"
167-->[com.google.firebase:firebase-common:21.0.0] AndroidManifest.xml:36:17-109
168                android:value="com.google.firebase.components.ComponentRegistrar" />
168-->[com.google.firebase:firebase-common:21.0.0] AndroidManifest.xml:37:17-82
169            <meta-data
169-->[com.google.firebase:firebase-abt:21.1.1] AndroidManifest.xml:12:13-14:85
170                android:name="com.google.firebase.components:com.google.firebase.abt.component.AbtRegistrar"
170-->[com.google.firebase:firebase-abt:21.1.1] AndroidManifest.xml:13:17-109
171                android:value="com.google.firebase.components.ComponentRegistrar" />
171-->[com.google.firebase:firebase-abt:21.1.1] AndroidManifest.xml:14:17-82
172            <meta-data
172-->[com.google.firebase:firebase-datatransport:19.0.0] AndroidManifest.xml:25:13-27:85
173                android:name="com.google.firebase.components:com.google.firebase.datatransport.TransportRegistrar"
173-->[com.google.firebase:firebase-datatransport:19.0.0] AndroidManifest.xml:26:17-115
174                android:value="com.google.firebase.components.ComponentRegistrar" />
174-->[com.google.firebase:firebase-datatransport:19.0.0] AndroidManifest.xml:27:17-82
175        </service>
176
177        <receiver
177-->[com.google.firebase:firebase-messaging:24.1.0] AndroidManifest.xml:29:9-40:20
178            android:name="com.google.firebase.iid.FirebaseInstanceIdReceiver"
178-->[com.google.firebase:firebase-messaging:24.1.0] AndroidManifest.xml:30:13-78
179            android:exported="true"
179-->[com.google.firebase:firebase-messaging:24.1.0] AndroidManifest.xml:31:13-36
180            android:permission="com.google.android.c2dm.permission.SEND" >
180-->[com.google.firebase:firebase-messaging:24.1.0] AndroidManifest.xml:32:13-73
181            <intent-filter>
181-->[com.google.firebase:firebase-messaging:24.1.0] AndroidManifest.xml:33:13-35:29
182                <action android:name="com.google.android.c2dm.intent.RECEIVE" />
182-->[com.google.firebase:firebase-messaging:24.1.0] AndroidManifest.xml:34:17-81
182-->[com.google.firebase:firebase-messaging:24.1.0] AndroidManifest.xml:34:25-78
183            </intent-filter>
184
185            <meta-data
185-->[com.google.firebase:firebase-messaging:24.1.0] AndroidManifest.xml:37:13-39:40
186                android:name="com.google.android.gms.cloudmessaging.FINISHED_AFTER_HANDLED"
186-->[com.google.firebase:firebase-messaging:24.1.0] AndroidManifest.xml:38:17-92
187                android:value="true" />
187-->[com.google.firebase:firebase-messaging:24.1.0] AndroidManifest.xml:39:17-37
188        </receiver>
189        <!--
190             FirebaseMessagingService performs security checks at runtime,
191             but set to not exported to explicitly avoid allowing another app to call it.
192        -->
193        <service
193-->[com.google.firebase:firebase-messaging:24.1.0] AndroidManifest.xml:46:9-53:19
194            android:name="com.google.firebase.messaging.FirebaseMessagingService"
194-->[com.google.firebase:firebase-messaging:24.1.0] AndroidManifest.xml:47:13-82
195            android:directBootAware="true"
195-->[com.google.firebase:firebase-messaging:24.1.0] AndroidManifest.xml:48:13-43
196            android:exported="false" >
196-->[com.google.firebase:firebase-messaging:24.1.0] AndroidManifest.xml:49:13-37
197            <intent-filter android:priority="-500" >
197-->src/main/AndroidManifest.xml:61:13-63:29
198                <action android:name="com.google.firebase.MESSAGING_EVENT" />
198-->src/main/AndroidManifest.xml:62:17-78
198-->src/main/AndroidManifest.xml:62:25-75
199            </intent-filter>
200        </service>
201
202        <receiver
202-->[com.google.android.gms:play-services-measurement:22.1.2] AndroidManifest.xml:29:9-33:20
203            android:name="com.google.android.gms.measurement.AppMeasurementReceiver"
203-->[com.google.android.gms:play-services-measurement:22.1.2] AndroidManifest.xml:30:13-85
204            android:enabled="true"
204-->[com.google.android.gms:play-services-measurement:22.1.2] AndroidManifest.xml:31:13-35
205            android:exported="false" >
205-->[com.google.android.gms:play-services-measurement:22.1.2] AndroidManifest.xml:32:13-37
206        </receiver>
207
208        <service
208-->[com.google.android.gms:play-services-measurement:22.1.2] AndroidManifest.xml:35:9-38:40
209            android:name="com.google.android.gms.measurement.AppMeasurementService"
209-->[com.google.android.gms:play-services-measurement:22.1.2] AndroidManifest.xml:36:13-84
210            android:enabled="true"
210-->[com.google.android.gms:play-services-measurement:22.1.2] AndroidManifest.xml:37:13-35
211            android:exported="false" />
211-->[com.google.android.gms:play-services-measurement:22.1.2] AndroidManifest.xml:38:13-37
212        <service
212-->[com.google.android.gms:play-services-measurement:22.1.2] AndroidManifest.xml:39:9-43:72
213            android:name="com.google.android.gms.measurement.AppMeasurementJobService"
213-->[com.google.android.gms:play-services-measurement:22.1.2] AndroidManifest.xml:40:13-87
214            android:enabled="true"
214-->[com.google.android.gms:play-services-measurement:22.1.2] AndroidManifest.xml:41:13-35
215            android:exported="false"
215-->[com.google.android.gms:play-services-measurement:22.1.2] AndroidManifest.xml:42:13-37
216            android:permission="android.permission.BIND_JOB_SERVICE" />
216-->[com.google.android.gms:play-services-measurement:22.1.2] AndroidManifest.xml:43:13-69
217
218        <activity
218-->[com.google.android.gms:play-services-base:18.5.0] AndroidManifest.xml:5:9-173
219            android:name="com.google.android.gms.common.api.GoogleApiActivity"
219-->[com.google.android.gms:play-services-base:18.5.0] AndroidManifest.xml:5:19-85
220            android:exported="false"
220-->[com.google.android.gms:play-services-base:18.5.0] AndroidManifest.xml:5:146-170
221            android:theme="@android:style/Theme.Translucent.NoTitleBar" />
221-->[com.google.android.gms:play-services-base:18.5.0] AndroidManifest.xml:5:86-145
222
223        <service
223-->[androidx.room:room-runtime:2.6.1] AndroidManifest.xml:24:9-28:63
224            android:name="androidx.room.MultiInstanceInvalidationService"
224-->[androidx.room:room-runtime:2.6.1] AndroidManifest.xml:25:13-74
225            android:directBootAware="true"
225-->[androidx.room:room-runtime:2.6.1] AndroidManifest.xml:26:13-43
226            android:exported="false" />
226-->[androidx.room:room-runtime:2.6.1] AndroidManifest.xml:27:13-37
227        <service
227-->[androidx.work:work-runtime:2.10.0] AndroidManifest.xml:39:9-45:35
228            android:name="androidx.work.impl.background.systemalarm.SystemAlarmService"
228-->[androidx.work:work-runtime:2.10.0] AndroidManifest.xml:40:13-88
229            android:directBootAware="false"
229-->[androidx.work:work-runtime:2.10.0] AndroidManifest.xml:41:13-44
230            android:enabled="@bool/enable_system_alarm_service_default"
230-->[androidx.work:work-runtime:2.10.0] AndroidManifest.xml:42:13-72
231            android:exported="false" />
231-->[androidx.work:work-runtime:2.10.0] AndroidManifest.xml:43:13-37
232        <service
232-->[androidx.work:work-runtime:2.10.0] AndroidManifest.xml:46:9-52:35
233            android:name="androidx.work.impl.background.systemjob.SystemJobService"
233-->[androidx.work:work-runtime:2.10.0] AndroidManifest.xml:47:13-84
234            android:directBootAware="false"
234-->[androidx.work:work-runtime:2.10.0] AndroidManifest.xml:48:13-44
235            android:enabled="@bool/enable_system_job_service_default"
235-->[androidx.work:work-runtime:2.10.0] AndroidManifest.xml:49:13-70
236            android:exported="true"
236-->[androidx.work:work-runtime:2.10.0] AndroidManifest.xml:50:13-36
237            android:permission="android.permission.BIND_JOB_SERVICE" />
237-->[androidx.work:work-runtime:2.10.0] AndroidManifest.xml:51:13-69
238        <service
238-->[androidx.work:work-runtime:2.10.0] AndroidManifest.xml:53:9-59:35
239            android:name="androidx.work.impl.foreground.SystemForegroundService"
239-->[androidx.work:work-runtime:2.10.0] AndroidManifest.xml:54:13-81
240            android:directBootAware="false"
240-->[androidx.work:work-runtime:2.10.0] AndroidManifest.xml:55:13-44
241            android:enabled="@bool/enable_system_foreground_service_default"
241-->[androidx.work:work-runtime:2.10.0] AndroidManifest.xml:56:13-77
242            android:exported="false" />
242-->[androidx.work:work-runtime:2.10.0] AndroidManifest.xml:57:13-37
243
244        <receiver
244-->[androidx.work:work-runtime:2.10.0] AndroidManifest.xml:61:9-66:35
245            android:name="androidx.work.impl.utils.ForceStopRunnable$BroadcastReceiver"
245-->[androidx.work:work-runtime:2.10.0] AndroidManifest.xml:62:13-88
246            android:directBootAware="false"
246-->[androidx.work:work-runtime:2.10.0] AndroidManifest.xml:63:13-44
247            android:enabled="true"
247-->[androidx.work:work-runtime:2.10.0] AndroidManifest.xml:64:13-35
248            android:exported="false" />
248-->[androidx.work:work-runtime:2.10.0] AndroidManifest.xml:65:13-37
249        <receiver
249-->[androidx.work:work-runtime:2.10.0] AndroidManifest.xml:67:9-77:20
250            android:name="androidx.work.impl.background.systemalarm.ConstraintProxy$BatteryChargingProxy"
250-->[androidx.work:work-runtime:2.10.0] AndroidManifest.xml:68:13-106
251            android:directBootAware="false"
251-->[androidx.work:work-runtime:2.10.0] AndroidManifest.xml:69:13-44
252            android:enabled="false"
252-->[androidx.work:work-runtime:2.10.0] AndroidManifest.xml:70:13-36
253            android:exported="false" >
253-->[androidx.work:work-runtime:2.10.0] AndroidManifest.xml:71:13-37
254            <intent-filter>
254-->[androidx.work:work-runtime:2.10.0] AndroidManifest.xml:73:13-76:29
255                <action android:name="android.intent.action.ACTION_POWER_CONNECTED" />
255-->[androidx.work:work-runtime:2.10.0] AndroidManifest.xml:74:17-87
255-->[androidx.work:work-runtime:2.10.0] AndroidManifest.xml:74:25-84
256                <action android:name="android.intent.action.ACTION_POWER_DISCONNECTED" />
256-->[androidx.work:work-runtime:2.10.0] AndroidManifest.xml:75:17-90
256-->[androidx.work:work-runtime:2.10.0] AndroidManifest.xml:75:25-87
257            </intent-filter>
258        </receiver>
259        <receiver
259-->[androidx.work:work-runtime:2.10.0] AndroidManifest.xml:78:9-88:20
260            android:name="androidx.work.impl.background.systemalarm.ConstraintProxy$BatteryNotLowProxy"
260-->[androidx.work:work-runtime:2.10.0] AndroidManifest.xml:79:13-104
261            android:directBootAware="false"
261-->[androidx.work:work-runtime:2.10.0] AndroidManifest.xml:80:13-44
262            android:enabled="false"
262-->[androidx.work:work-runtime:2.10.0] AndroidManifest.xml:81:13-36
263            android:exported="false" >